========================================
我被重启了！启动时间: Fri Feb  6 19:23:34 2026
服务运行中... PID: 147319
========================================
========================================
我被重启了！启动时间: Fri Feb  6 19:24:30 2026
服务运行中... PID: 148224
========================================
========================================
服务启动时间: Fri Feb  6 19:26:37 2026
服务运行中... PID: 149774
========================================
运行中... 第 1 分钟
运行中... 第 2 分钟
运行中... 第 3 分钟
========================================
服务启动时间: Fri Feb  6 19:29:32 2026
服务运行中... PID: 152008
========================================
运行中... 第 1 分钟
========================================
服务启动时间: Fri Feb  6 19:29:46 2026
服务运行中... PID: 152190
========================================
运行中... 第 1 分钟
运行中... 第 2 分钟
运行中... 第 3 分钟
========================================
服务启动时间: Fri Feb  6 19:31:59 2026
服务运行中... PID: 153802
========================================
运行中... 第 1 分钟
========================================
服务启动时间: Fri Feb  6 19:32:07 2026
服务运行中... PID: 153912
========================================
运行中... 第 1 分钟
========================================
服务启动时间: Fri Feb  6 19:32:38 2026
服务运行中... PID: 154303
========================================
运行中... 第 1 分钟
运行中... 第 2 分钟
运行中... 第 3 分钟
运行中... 第 4 分钟
运行中... 第 5 分钟
运行中... 第 6 分钟
运行中... 第 7 分钟
运行中... 第 8 分钟
运行中... 第 9 分钟
========================================
服务启动时间: Fri Feb  6 19:40:40 2026
服务运行中... PID: 160178
========================================
运行中... 第 1 分钟
运行中... 第 2 分钟
运行中... 第 3 分钟
运行中... 第 4 分钟
运行中... 第 5 分钟
运行中... 第 6 分钟
运行中... 第 7 分钟
运行中... 第 8 分钟
运行中... 第 9 分钟
运行中... 第 10 分钟
运行中... 第 11 分钟
运行中... 第 12 分钟
运行中... 第 13 分钟
运行中... 第 14 分钟
运行中... 第 15 分钟
运行中... 第 16 分钟
运行中... 第 17 分钟
========================================
服务启动时间: Fri Feb  6 19:58:36 2026
服务运行中... PID: 172001
========================================
运行中... 第 1 分钟
========================================
服务启动时间: Fri Feb  6 19:58:38 2026
服务运行中... PID: 172044
========================================
运行中... 第 1 分钟
========================================
服务启动时间: Fri Feb  6 19:58:45 2026
服务运行中... PID: 172147
========================================
运行中... 第 1 分钟
========================================
服务启动时间: Fri Feb  6 19:59:13 2026
服务运行中... PID: 172478
========================================
运行中... 第 1 分钟
========================================
服务启动时间: Fri Feb  6 19:59:48 2026
服务运行中... PID: 173126
========================================
运行中... 第 1 分钟
========================================
服务启动时间: Fri Feb  6 20:00:02 2026
服务运行中... PID: 173416
========================================
运行中... 第 1 分钟
运行中... 第 2 分钟
========================================
服务启动时间: Fri Feb  6 20:00:15 2026
服务运行中... PID: 173583
========================================
运行中... 第 1 分钟
========================================
服务启动时间: Fri Feb  6 20:00:32 2026
服务运行中... PID: 173808
========================================
运行中... 第 1 分钟
运行中... 第 3 分钟
运行中... 第 2 分钟
运行中... 第 4 分钟
运行中... 第 3 分钟
运行中... 第 5 分钟
运行中... 第 4 分钟
运行中... 第 6 分钟
运行中... 第 5 分钟
运行中... 第 7 分钟
运行中... 第 6 分钟
运行中... 第 8 分钟
运行中... 第 7 分钟
运行中... 第 9 分钟
运行中... 第 8 分钟
运行中... 第 10 分钟
运行中... 第 9 分钟
运行中... 第 11 分钟
运行中... 第 10 分钟
运行中... 第 12 分钟
运行中... 第 11 分钟
运行中... 第 13 分钟
运行中... 第 12 分钟
运行中... 第 14 分钟
运行中... 第 13 分钟
运行中... 第 15 分钟
运行中... 第 14 分钟
运行中... 第 16 分钟
运行中... 第 15 分钟
运行中... 第 17 分钟
运行中... 第 16 分钟
运行中... 第 18 分钟
运行中... 第 17 分钟
运行中... 第 19 分钟
运行中... 第 18 分钟
运行中... 第 20 分钟
运行中... 第 19 分钟
运行中... 第 21 分钟
运行中... 第 20 分钟
运行中... 第 22 分钟
运行中... 第 21 分钟
运行中... 第 23 分钟
运行中... 第 22 分钟
运行中... 第 24 分钟
运行中... 第 23 分钟
运行中... 第 25 分钟
运行中... 第 24 分钟
运行中... 第 26 分钟
运行中... 第 25 分钟
运行中... 第 27 分钟
运行中... 第 26 分钟
运行中... 第 28 分钟
运行中... 第 27 分钟
运行中... 第 29 分钟
运行中... 第 28 分钟
运行中... 第 30 分钟
运行中... 第 29 分钟
运行中... 第 31 分钟
运行中... 第 30 分钟
运行中... 第 32 分钟
运行中... 第 31 分钟
运行中... 第 33 分钟
运行中... 第 32 分钟
运行中... 第 34 分钟
运行中... 第 33 分钟
运行中... 第 35 分钟
运行中... 第 34 分钟
运行中... 第 36 分钟
运行中... 第 35 分钟
运行中... 第 37 分钟
运行中... 第 36 分钟
运行中... 第 38 分钟
运行中... 第 37 分钟
运行中... 第 39 分钟
运行中... 第 38 分钟
运行中... 第 40 分钟
运行中... 第 39 分钟
运行中... 第 41 分钟
运行中... 第 40 分钟
运行中... 第 42 分钟
运行中... 第 41 分钟
运行中... 第 43 分钟
运行中... 第 42 分钟
========================================
服务启动时间: Fri Feb  6 20:45:27 2026
服务运行中... PID: 1474
========================================
运行中... 第 1 分钟
运行中... 第 2 分钟
运行中... 第 3 分钟
运行中... 第 4 分钟
运行中... 第 5 分钟
运行中... 第 6 分钟
运行中... 第 7 分钟
运行中... 第 8 分钟
运行中... 第 9 分钟
运行中... 第 10 分钟
运行中... 第 11 分钟
运行中... 第 12 分钟
运行中... 第 13 分钟
运行中... 第 14 分钟
运行中... 第 15 分钟
运行中... 第 16 分钟
运行中... 第 17 分钟
运行中... 第 18 分钟
运行中... 第 19 分钟
运行中... 第 20 分钟
运行中... 第 21 分钟
运行中... 第 22 分钟
运行中... 第 23 分钟
运行中... 第 24 分钟
运行中... 第 25 分钟
运行中... 第 26 分钟
运行中... 第 27 分钟
运行中... 第 28 分钟
运行中... 第 29 分钟
运行中... 第 30 分钟
运行中... 第 31 分钟
运行中... 第 32 分钟
运行中... 第 33 分钟
运行中... 第 34 分钟
运行中... 第 35 分钟
运行中... 第 36 分钟
运行中... 第 37 分钟
========================================
服务启动时间: Sun Feb  8 12:53:04 2026
服务运行中... PID: 2812
========================================
运行中... 第 1 分钟
运行中... 第 2 分钟
运行中... 第 3 分钟
运行中... 第 4 分钟
运行中... 第 5 分钟
运行中... 第 6 分钟
运行中... 第 7 分钟
运行中... 第 8 分钟
运行中... 第 9 分钟
运行中... 第 10 分钟
运行中... 第 11 分钟
运行中... 第 12 分钟
运行中... 第 13 分钟
运行中... 第 14 分钟
运行中... 第 15 分钟
运行中... 第 16 分钟
运行中... 第 17 分钟
运行中... 第 18 分钟
运行中... 第 19 分钟
运行中... 第 20 分钟
运行中... 第 21 分钟
运行中... 第 22 分钟
运行中... 第 23 分钟
运行中... 第 24 分钟
运行中... 第 25 分钟
运行中... 第 26 分钟
运行中... 第 27 分钟
运行中... 第 28 分钟
运行中... 第 29 分钟
运行中... 第 30 分钟
运行中... 第 31 分钟
运行中... 第 32 分钟
运行中... 第 33 分钟
运行中... 第 34 分钟
运行中... 第 35 分钟
运行中... 第 36 分钟
运行中... 第 37 分钟
运行中... 第 38 分钟
运行中... 第 39 分钟
运行中... 第 40 分钟
运行中... 第 41 分钟
运行中... 第 42 分钟
运行中... 第 43 分钟
运行中... 第 44 分钟
运行中... 第 45 分钟
运行中... 第 46 分钟
运行中... 第 47 分钟
运行中... 第 48 分钟
运行中... 第 49 分钟
运行中... 第 50 分钟
运行中... 第 51 分钟
运行中... 第 52 分钟
运行中... 第 53 分钟
运行中... 第 54 分钟
运行中... 第 55 分钟
运行中... 第 56 分钟
运行中... 第 57 分钟
运行中... 第 58 分钟
运行中... 第 59 分钟
运行中... 第 60 分钟
运行中... 第 61 分钟
运行中... 第 62 分钟
运行中... 第 63 分钟
运行中... 第 64 分钟
运行中... 第 65 分钟
运行中... 第 66 分钟
运行中... 第 67 分钟
运行中... 第 68 分钟
运行中... 第 69 分钟
运行中... 第 70 分钟
运行中... 第 71 分钟
运行中... 第 72 分钟
运行中... 第 73 分钟
运行中... 第 74 分钟
运行中... 第 75 分钟
运行中... 第 76 分钟
运行中... 第 77 分钟
运行中... 第 78 分钟
运行中... 第 79 分钟
运行中... 第 80 分钟
运行中... 第 81 分钟
运行中... 第 82 分钟
运行中... 第 83 分钟
运行中... 第 84 分钟
运行中... 第 85 分钟
运行中... 第 86 分钟
运行中... 第 87 分钟
运行中... 第 88 分钟
运行中... 第 89 分钟
运行中... 第 90 分钟
运行中... 第 91 分钟
运行中... 第 92 分钟
运行中... 第 93 分钟
运行中... 第 94 分钟
运行中... 第 95 分钟
运行中... 第 96 分钟
运行中... 第 97 分钟
运行中... 第 98 分钟
运行中... 第 99 分钟
运行中... 第 100 分钟
运行中... 第 101 分钟
运行中... 第 102 分钟
运行中... 第 103 分钟
运行中... 第 104 分钟
运行中... 第 105 分钟
========================================
服务启动时间: Sun Feb  8 15:24:27 2026
服务运行中... PID: 4463
========================================
运行中... 第 1 分钟
运行中... 第 2 分钟
========================================
服务启动时间: Sun Feb  8 15:27:39 2026
服务运行中... PID: 4604
========================================
运行中... 第 1 分钟
运行中... 第 2 分钟
运行中... 第 3 分钟
运行中... 第 4 分钟
运行中... 第 5 分钟
运行中... 第 6 分钟
运行中... 第 7 分钟
运行中... 第 8 分钟
运行中... 第 9 分钟
运行中... 第 10 分钟
运行中... 第 11 分钟
运行中... 第 12 分钟
运行中... 第 13 分钟
运行中... 第 14 分钟
运行中... 第 15 分钟
运行中... 第 16 分钟
运行中... 第 17 分钟
运行中... 第 18 分钟
运行中... 第 19 分钟
运行中... 第 20 分钟
运行中... 第 21 分钟
运行中... 第 22 分钟
运行中... 第 23 分钟
运行中... 第 24 分钟
运行中... 第 25 分钟
运行中... 第 26 分钟
运行中... 第 27 分钟
运行中... 第 28 分钟
运行中... 第 29 分钟
运行中... 第 30 分钟
运行中... 第 31 分钟
运行中... 第 32 分钟
运行中... 第 33 分钟
运行中... 第 34 分钟
运行中... 第 35 分钟
运行中... 第 36 分钟
运行中... 第 37 分钟
运行中... 第 38 分钟
运行中... 第 39 分钟
运行中... 第 40 分钟
运行中... 第 41 分钟
运行中... 第 42 分钟
运行中... 第 43 分钟
运行中... 第 44 分钟
========================================
服务启动时间: Sun Feb  8 16:49:36 2026
服务运行中... PID: 539
========================================
运行中... 第 1 分钟
运行中... 第 2 分钟
运行中... 第 3 分钟
运行中... 第 4 分钟
运行中... 第 5 分钟
运行中... 第 6 分钟
运行中... 第 7 分钟
运行中... 第 8 分钟
运行中... 第 9 分钟
运行中... 第 10 分钟
运行中... 第 11 分钟
运行中... 第 12 分钟
运行中... 第 13 分钟
运行中... 第 14 分钟
运行中... 第 15 分钟
运行中... 第 16 分钟
运行中... 第 17 分钟
运行中... 第 18 分钟
运行中... 第 19 分钟
运行中... 第 20 分钟
运行中... 第 21 分钟
运行中... 第 22 分钟
运行中... 第 23 分钟
运行中... 第 24 分钟
运行中... 第 25 分钟
运行中... 第 26 分钟
运行中... 第 27 分钟
运行中... 第 28 分钟
运行中... 第 29 分钟
运行中... 第 30 分钟
运行中... 第 31 分钟
运行中... 第 32 分钟
